2026-04-17 13:31:31,556 - INFO - Fresh start mode
2026-04-17 13:31:31,557 - INFO - ============================================================
2026-04-17 13:31:31,558 - INFO - Starting Sofascore scraper - last 8 seasons
2026-04-17 13:31:31,558 - INFO - ============================================================
2026-04-17 13:31:31,559 - INFO - 
============================================================
2026-04-17 13:31:31,559 - INFO - Processing: Premier League (E0)
2026-04-17 13:31:31,559 - INFO - ============================================================
2026-04-17 13:31:31,560 - INFO -   Fetching season 2026...
2026-04-17 13:31:31,560 - INFO - Fetching tournament 17, season 2026, page 0
2026-04-17 13:31:32,737 - WARNING - Request failed (attempt 1/3): 403 Client Error: Forbidden for url: https://api.sofascore.com/api/v1/tournament/17/season/2026/events?page=0
2026-04-17 13:31:35,827 - WARNING - Request failed (attempt 2/3): 403 Client Error: Forbidden for url: https://api.sofascore.com/api/v1/tournament/17/season/2026/events?page=0
2026-04-17 13:31:38,938 - WARNING - Request failed (attempt 3/3): 403 Client Error: Forbidden for url: https://api.sofascore.com/api/v1/tournament/17/season/2026/events?page=0
2026-04-17 13:31:38,939 - ERROR - Failed to fetch https://api.sofascore.com/api/v1/tournament/17/season/2026/events after 3 attempts
2026-04-17 13:31:38,940 - WARNING -   No matches found for Premier League/2026
2026-04-17 13:31:39,940 - INFO -   Fetching season 2025...
2026-04-17 13:31:39,941 - INFO - Fetching tournament 17, season 2025, page 0
2026-04-17 13:31:41,207 - WARNING - Request failed (attempt 1/3): 403 Client Error: Forbidden for url: https://api.sofascore.com/api/v1/tournament/17/season/2025/events?page=0
2026-04-17 13:31:44,295 - WARNING - Request failed (attempt 2/3): 403 Client Error: Forbidden for url: https://api.sofascore.com/api/v1/tournament/17/season/2025/events?page=0
2026-04-17 13:31:47,367 - WARNING - Request failed (attempt 3/3): 403 Client Error: Forbidden for url: https://api.sofascore.com/api/v1/tournament/17/season/2025/events?page=0
2026-04-17 13:31:47,368 - ERROR - Failed to fetch https://api.sofascore.com/api/v1/tournament/17/season/2025/events after 3 attempts
2026-04-17 13:31:47,369 - WARNING -   No matches found for Premier League/2025
2026-04-17 13:31:48,369 - INFO -   Fetching season 2024...
2026-04-17 13:31:48,370 - INFO - Fetching tournament 17, season 2024, page 0
2026-04-17 13:31:49,466 - WARNING - Request failed (attempt 1/3): 403 Client Error: Forbidden for url: https://api.sofascore.com/api/v1/tournament/17/season/2024/events?page=0
2026-04-17 13:31:52,544 - WARNING - Request failed (attempt 2/3): 403 Client Error: Forbidden for url: https://api.sofascore.com/api/v1/tournament/17/season/2024/events?page=0
2026-04-17 13:31:55,685 - WARNING - Request failed (attempt 3/3): 403 Client Error: Forbidden for url: https://api.sofascore.com/api/v1/tournament/17/season/2024/events?page=0
2026-04-17 13:31:55,686 - ERROR - Failed to fetch https://api.sofascore.com/api/v1/tournament/17/season/2024/events after 3 attempts
2026-04-17 13:31:55,687 - WARNING -   No matches found for Premier League/2024
2026-04-17 13:31:56,687 - INFO -   Fetching season 2023...
2026-04-17 13:31:58,618 - INFO - Fetching tournament 17, season 2023, page 0
2026-04-17 13:31:59,726 - WARNING - Request failed (attempt 1/3): 403 Client Error: Forbidden for url: https://api.sofascore.com/api/v1/tournament/17/season/2023/events?page=0
2026-04-17 13:32:02,900 - WARNING - Request failed (attempt 2/3): 403 Client Error: Forbidden for url: https://api.sofascore.com/api/v1/tournament/17/season/2023/events?page=0
2026-04-17 13:32:06,179 - WARNING - Request failed (attempt 3/3): 403 Client Error: Forbidden for url: https://api.sofascore.com/api/v1/tournament/17/season/2023/events?page=0
2026-04-17 13:32:06,180 - ERROR - Failed to fetch https://api.sofascore.com/api/v1/tournament/17/season/2023/events after 3 attempts
2026-04-17 13:32:06,181 - WARNING -   No matches found for Premier League/2023
2026-04-17 13:32:07,182 - INFO -   Fetching season 2022...
2026-04-17 13:32:07,182 - INFO - Fetching tournament 17, season 2022, page 0
2026-04-17 13:32:08,326 - WARNING - Request failed (attempt 1/3): 403 Client Error: Forbidden for url: https://api.sofascore.com/api/v1/tournament/17/season/2022/events?page=0
2026-04-17 13:32:11,446 - WARNING - Request failed (attempt 2/3): 403 Client Error: Forbidden for url: https://api.sofascore.com/api/v1/tournament/17/season/2022/events?page=0
2026-04-17 13:32:14,657 - WARNING - Request failed (attempt 3/3): 403 Client Error: Forbidden for url: https://api.sofascore.com/api/v1/tournament/17/season/2022/events?page=0
2026-04-17 13:32:14,658 - ERROR - Failed to fetch https://api.sofascore.com/api/v1/tournament/17/season/2022/events after 3 attempts
2026-04-17 13:32:14,660 - WARNING -   No matches found for Premier League/2022
2026-04-17 13:32:15,661 - INFO -   Fetching season 2021...
2026-04-17 13:32:15,662 - INFO - Fetching tournament 17, season 2021, page 0
2026-04-17 13:32:16,805 - WARNING - Request failed (attempt 1/3): 403 Client Error: Forbidden for url: https://api.sofascore.com/api/v1/tournament/17/season/2021/events?page=0
2026-04-17 13:32:19,916 - WARNING - Request failed (attempt 2/3): 403 Client Error: Forbidden for url: https://api.sofascore.com/api/v1/tournament/17/season/2021/events?page=0
2026-04-17 13:32:23,055 - WARNING - Request failed (attempt 3/3): 403 Client Error: Forbidden for url: https://api.sofascore.com/api/v1/tournament/17/season/2021/events?page=0
2026-04-17 13:32:23,057 - ERROR - Failed to fetch https://api.sofascore.com/api/v1/tournament/17/season/2021/events after 3 attempts
2026-04-17 13:32:23,059 - WARNING -   No matches found for Premier League/2021
2026-04-17 13:32:24,065 - INFO -   Fetching season 2020...
2026-04-17 13:32:24,066 - INFO - Fetching tournament 17, season 2020, page 0
2026-04-17 13:32:25,204 - WARNING - Request failed (attempt 1/3): 403 Client Error: Forbidden for url: https://api.sofascore.com/api/v1/tournament/17/season/2020/events?page=0
2026-04-17 13:32:28,347 - WARNING - Request failed (attempt 2/3): 403 Client Error: Forbidden for url: https://api.sofascore.com/api/v1/tournament/17/season/2020/events?page=0
2026-04-17 13:32:31,467 - WARNING - Request failed (attempt 3/3): 403 Client Error: Forbidden for url: https://api.sofascore.com/api/v1/tournament/17/season/2020/events?page=0
2026-04-17 13:32:31,468 - ERROR - Failed to fetch https://api.sofascore.com/api/v1/tournament/17/season/2020/events after 3 attempts
2026-04-17 13:32:31,471 - WARNING -   No matches found for Premier League/2020
2026-04-17 13:32:32,472 - INFO -   Fetching season 2019...
2026-04-17 13:32:32,472 - INFO - Fetching tournament 17, season 2019, page 0
2026-04-17 13:32:33,609 - WARNING - Request failed (attempt 1/3): 403 Client Error: Forbidden for url: https://api.sofascore.com/api/v1/tournament/17/season/2019/events?page=0
2026-04-17 13:32:36,756 - WARNING - Request failed (attempt 2/3): 403 Client Error: Forbidden for url: https://api.sofascore.com/api/v1/tournament/17/season/2019/events?page=0
2026-04-17 13:32:39,914 - WARNING - Request failed (attempt 3/3): 403 Client Error: Forbidden for url: https://api.sofascore.com/api/v1/tournament/17/season/2019/events?page=0
2026-04-17 13:32:39,916 - ERROR - Failed to fetch https://api.sofascore.com/api/v1/tournament/17/season/2019/events after 3 attempts
2026-04-17 13:32:39,918 - WARNING -   No matches found for Premier League/2019
2026-04-17 13:32:42,924 - INFO - 
============================================================
2026-04-17 13:32:42,925 - INFO - Processing: Championship (E1)
2026-04-17 13:32:42,927 - INFO - ============================================================
2026-04-17 13:32:42,932 - INFO -   Fetching season 2026...
2026-04-17 13:32:42,934 - INFO - Fetching tournament 18, season 2026, page 0
2026-04-17 13:32:44,037 - WARNING - Request failed (attempt 1/3): 403 Client Error: Forbidden for url: https://api.sofascore.com/api/v1/tournament/18/season/2026/events?page=0
2026-04-17 13:32:47,176 - WARNING - Request failed (attempt 2/3): 403 Client Error: Forbidden for url: https://api.sofascore.com/api/v1/tournament/18/season/2026/events?page=0
2026-04-17 13:32:50,327 - WARNING - Request failed (attempt 3/3): 403 Client Error: Forbidden for url: https://api.sofascore.com/api/v1/tournament/18/season/2026/events?page=0
2026-04-17 13:32:50,329 - ERROR - Failed to fetch https://api.sofascore.com/api/v1/tournament/18/season/2026/events after 3 attempts
2026-04-17 13:32:50,331 - WARNING -   No matches found for Championship/2026
2026-04-17 13:32:51,332 - INFO -   Fetching season 2025...
2026-04-17 13:32:51,333 - INFO - Fetching tournament 18, season 2025, page 0
2026-04-17 13:32:52,447 - WARNING - Request failed (attempt 1/3): 403 Client Error: Forbidden for url: https://api.sofascore.com/api/v1/tournament/18/season/2025/events?page=0
2026-04-17 13:32:55,576 - WARNING - Request failed (attempt 2/3): 403 Client Error: Forbidden for url: https://api.sofascore.com/api/v1/tournament/18/season/2025/events?page=0
2026-04-17 13:32:58,733 - WARNING - Request failed (attempt 3/3): 403 Client Error: Forbidden for url: https://api.sofascore.com/api/v1/tournament/18/season/2025/events?page=0
2026-04-17 13:32:58,735 - ERROR - Failed to fetch https://api.sofascore.com/api/v1/tournament/18/season/2025/events after 3 attempts
2026-04-17 13:32:58,737 - WARNING -   No matches found for Championship/2025
2026-04-17 13:32:59,738 - INFO -   Fetching season 2024...
2026-04-17 13:32:59,739 - INFO - Fetching tournament 18, season 2024, page 0
2026-04-17 13:33:00,867 - WARNING - Request failed (attempt 1/3): 403 Client Error: Forbidden for url: https://api.sofascore.com/api/v1/tournament/18/season/2024/events?page=0
2026-04-17 13:33:04,011 - WARNING - Request failed (attempt 2/3): 403 Client Error: Forbidden for url: https://api.sofascore.com/api/v1/tournament/18/season/2024/events?page=0
2026-04-17 13:33:07,196 - WARNING - Request failed (attempt 3/3): 403 Client Error: Forbidden for url: https://api.sofascore.com/api/v1/tournament/18/season/2024/events?page=0
2026-04-17 13:33:07,197 - ERROR - Failed to fetch https://api.sofascore.com/api/v1/tournament/18/season/2024/events after 3 attempts
2026-04-17 13:33:07,199 - WARNING -   No matches found for Championship/2024
2026-04-17 13:33:08,201 - INFO -   Fetching season 2023...
2026-04-17 13:33:09,056 - INFO - Fetching tournament 18, season 2023, page 0
2026-04-17 13:33:10,246 - WARNING - Request failed (attempt 1/3): 403 Client Error: Forbidden for url: https://api.sofascore.com/api/v1/tournament/18/season/2023/events?page=0
2026-04-17 13:33:21,224 - INFO - Selenium WebDriver initialized
2026-04-17 13:33:21,225 - INFO - ======================================================================
2026-04-17 13:33:21,227 - INFO - Starting Sofascore Scraper - Last 8 Seasons
2026-04-17 13:33:21,228 - INFO - ======================================================================
2026-04-17 13:33:21,235 - INFO - 
======================================================================
2026-04-17 13:33:21,237 - INFO - Tournament: Premier League (E0)
2026-04-17 13:33:21,238 - INFO - ======================================================================
2026-04-17 13:33:21,245 - INFO -   Season 2026...
2026-04-17 13:33:21,246 - INFO - Loading https://www.sofascore.com/tournament/football/england/premier-league/17#season:2026
2026-04-17 13:33:34,533 - INFO - Found 21 matches
2026-04-17 13:33:34,534 - INFO - Saved 21 matches to data\matches\E0_2026.json
2026-04-17 13:33:36,037 - INFO -   Season 2025...
2026-04-17 13:33:36,037 - INFO - Loading https://www.sofascore.com/tournament/football/england/premier-league/17#season:2025
2026-04-17 13:33:44,728 - INFO - Found 21 matches
2026-04-17 13:33:44,734 - INFO - Saved 21 matches to data\matches\E0_2025.json
2026-04-17 13:33:46,243 - INFO -   Season 2024...
2026-04-17 13:33:46,245 - INFO - Loading https://www.sofascore.com/tournament/football/england/premier-league/17#season:2024
2026-04-17 13:33:56,062 - INFO - Found 21 matches
2026-04-17 13:33:56,064 - INFO - Saved 21 matches to data\matches\E0_2024.json
2026-04-17 13:33:57,568 - INFO -   Season 2023...
2026-04-17 13:33:57,569 - INFO - Loading https://www.sofascore.com/tournament/football/england/premier-league/17#season:2023
2026-04-17 13:34:08,045 - INFO - Found 21 matches
2026-04-17 13:34:08,050 - INFO - Saved 21 matches to data\matches\E0_2023.json
2026-04-17 13:34:09,552 - INFO -   Season 2022...
2026-04-17 13:34:09,553 - INFO - Loading https://www.sofascore.com/tournament/football/england/premier-league/17#season:2022
2026-04-17 13:34:18,297 - INFO - Found 21 matches
2026-04-17 13:34:18,299 - INFO - Saved 21 matches to data\matches\E0_2022.json
2026-04-17 13:34:19,802 - INFO -   Season 2021...
2026-04-17 13:34:19,803 - INFO - Loading https://www.sofascore.com/tournament/football/england/premier-league/17#season:2021
2026-04-17 13:34:26,332 - INFO - Found 21 matches
2026-04-17 13:34:26,334 - INFO - Saved 21 matches to data\matches\E0_2021.json
2026-04-17 13:34:27,837 - INFO -   Season 2020...
2026-04-17 13:34:27,841 - INFO - Loading https://www.sofascore.com/tournament/football/england/premier-league/17#season:2020
2026-04-17 13:34:36,856 - INFO - Found 21 matches
2026-04-17 13:34:37,067 - INFO - Saved 21 matches to data\matches\E0_2020.json
2026-04-17 13:34:38,575 - INFO -   Season 2019...
2026-04-17 13:34:38,576 - INFO - Loading https://www.sofascore.com/tournament/football/england/premier-league/17#season:2019
2026-04-17 13:34:47,133 - INFO - Found 21 matches
2026-04-17 13:34:47,139 - INFO - Saved 21 matches to data\matches\E0_2019.json
2026-04-17 13:34:50,644 - INFO - 
======================================================================
2026-04-17 13:34:50,645 - INFO - Tournament: Championship (E1)
2026-04-17 13:34:50,648 - INFO - ======================================================================
2026-04-17 13:34:50,654 - INFO -   Season 2026...
2026-04-17 13:34:50,656 - INFO - Loading https://www.sofascore.com/tournament/football/england/championship/18#season:2026
2026-04-17 13:34:57,446 - INFO - Found 24 matches
2026-04-17 13:34:57,448 - INFO - Saved 24 matches to data\matches\E1_2026.json
2026-04-17 13:34:58,952 - INFO -   Season 2025...
2026-04-17 13:34:58,954 - INFO - Loading https://www.sofascore.com/tournament/football/england/championship/18#season:2025
2026-04-17 13:35:07,765 - INFO - Found 24 matches
2026-04-17 13:35:07,767 - INFO - Saved 24 matches to data\matches\E1_2025.json
2026-04-17 13:35:09,269 - INFO -   Season 2024...
2026-04-17 13:35:09,270 - INFO - Loading https://www.sofascore.com/tournament/football/england/championship/18#season:2024
2026-04-17 13:35:17,139 - INFO - Found 24 matches
2026-04-17 13:35:17,141 - INFO - Saved 24 matches to data\matches\E1_2024.json
2026-04-17 13:35:18,683 - INFO -   Season 2023...
2026-04-17 13:35:18,746 - INFO - Loading https://www.sofascore.com/tournament/football/england/championship/18#season:2023
2026-04-17 13:35:27,663 - INFO - Found 24 matches
2026-04-17 13:35:27,665 - INFO - Saved 24 matches to data\matches\E1_2023.json
2026-04-17 13:35:29,168 - INFO -   Season 2022...
2026-04-17 13:35:29,170 - INFO - Loading https://www.sofascore.com/tournament/football/england/championship/18#season:2022
2026-04-17 13:35:37,836 - INFO - Found 24 matches
2026-04-17 13:35:37,838 - INFO - Saved 24 matches to data\matches\E1_2022.json
2026-04-17 13:35:39,391 - INFO -   Season 2021...
2026-04-17 13:35:39,431 - INFO - Loading https://www.sofascore.com/tournament/football/england/championship/18#season:2021
2026-04-17 13:35:45,834 - WARNING - Retrying (Retry(total=2, connect=None, read=None, redirect=None, status=None)) after connection broken by 'ProtocolError('Connection aborted.', ConnectionResetError(10054, 'Istniejące połączenie zostało gwałtownie zamknięte przez zdalnego hosta', None, 10054, None))': /session/2b617cb1f45994208e1e9cf5fb8892a9
2026-04-17 13:35:51,274 - INFO - Selenium WebDriver initialized
2026-04-17 13:35:51,292 - INFO - Loaded checkpoint: 288 matches processed
2026-04-17 13:35:51,297 - INFO - ================================================================================
2026-04-17 13:35:51,307 - INFO - Starting Sofascore Scraper - ALL MATCHES - Last 8 Seasons
2026-04-17 13:35:51,308 - INFO - ================================================================================
2026-04-17 13:35:51,310 - INFO - 
[1/29] Premier League (E0)
2026-04-17 13:35:51,313 - INFO - --------------------------------------------------------------------------------
2026-04-17 13:35:53,735 - INFO - WebDriver closed
2026-04-17 13:36:01,911 - INFO - Selenium WebDriver initialized
2026-04-17 13:36:01,912 - INFO - Loaded checkpoint: 288 matches processed
2026-04-17 13:36:01,920 - INFO - ================================================================================
2026-04-17 13:36:01,921 - INFO - Starting Sofascore Scraper - ALL MATCHES - Last 8 Seasons
2026-04-17 13:36:01,923 - INFO - ================================================================================
2026-04-17 13:36:01,923 - INFO - 
[1/29] Premier League (E0)
2026-04-17 13:36:01,925 - INFO - --------------------------------------------------------------------------------
2026-04-17 13:36:04,092 - INFO - WebDriver closed
2026-04-17 13:37:49,726 - INFO - Selenium WebDriver initialized
2026-04-17 13:37:49,727 - INFO - Loaded checkpoint: 288 matches processed
2026-04-17 13:37:49,729 - INFO - ================================================================================
2026-04-17 13:37:49,730 - INFO - Starting Sofascore Scraper - ALL MATCHES - Last 8 Seasons
2026-04-17 13:37:49,736 - INFO - ================================================================================
2026-04-17 13:37:49,738 - INFO - 
[1/29] Premier League (E0)
2026-04-17 13:37:49,738 - INFO - --------------------------------------------------------------------------------
2026-04-17 13:37:49,739 - INFO -   2026: 
2026-04-17 13:37:49,740 - INFO - Loading https://www.sofascore.com/tournament/football/england/premier-league/17#season:2026
2026-04-17 13:37:58,631 - INFO -   Scrolling to load all matches...
2026-04-17 13:38:01,382 - INFO -   Scrolled 0 times
2026-04-17 13:38:01,501 - INFO -   Found 21 match links on page
2026-04-17 13:38:02,701 - ERROR -     Error: 'tournaments_done'
2026-04-17 13:38:02,702 - INFO -   2025: 
2026-04-17 13:38:02,703 - INFO - Loading https://www.sofascore.com/tournament/football/england/premier-league/17#season:2025
2026-04-17 13:38:09,428 - INFO -   Scrolling to load all matches...
2026-04-17 13:38:11,241 - INFO -   Scrolled 0 times
2026-04-17 13:38:11,255 - INFO -   Found 21 match links on page
2026-04-17 13:38:12,452 - ERROR -     Error: 'tournaments_done'
2026-04-17 13:38:12,459 - INFO -   2024: 
2026-04-17 13:38:12,460 - INFO - Loading https://www.sofascore.com/tournament/football/england/premier-league/17#season:2024
2026-04-17 13:38:20,061 - INFO -   Scrolling to load all matches...
2026-04-17 13:38:23,632 - INFO -   Scrolled 0 times
2026-04-17 13:38:28,675 - INFO -   Found 21 match links on page
2026-04-17 13:38:29,263 - ERROR -     Error: 'tournaments_done'
2026-04-17 13:38:29,263 - INFO -   2023: 
2026-04-17 13:38:29,264 - INFO - Loading https://www.sofascore.com/tournament/football/england/premier-league/17#season:2023
2026-04-17 13:38:36,732 - INFO -   Scrolling to load all matches...
2026-04-17 13:38:38,286 - INFO -   Scrolled 0 times
2026-04-17 13:38:38,547 - INFO -   Found 21 match links on page
2026-04-17 13:38:41,982 - ERROR -     Error: 'tournaments_done'
2026-04-17 13:38:41,983 - INFO -   2022: 
2026-04-17 13:38:41,985 - INFO - Loading https://www.sofascore.com/tournament/football/england/premier-league/17#season:2022
2026-04-17 13:38:49,079 - INFO -   Scrolling to load all matches...
2026-04-17 13:38:49,193 - WARNING - Retrying (Retry(total=2, connect=None, read=None, redirect=None, status=None)) after connection broken by 'ProtocolError('Connection aborted.', ConnectionResetError(10054, 'Istniejące połączenie zostało gwałtownie zamknięte przez zdalnego hosta', None, 10054, None))': /session/3755e60daf4447ad77b14472477ae429
2026-04-17 13:40:04,669 - INFO - WebDriver initialized
2026-04-17 13:40:04,670 - INFO - Checkpoint loaded: 288 matches, 0 season-files done
2026-04-17 13:40:04,673 - INFO - ======================================================================
2026-04-17 13:40:04,678 - INFO - Sofascore Scraper | 29 tournaments | 8 seasons each
2026-04-17 13:40:04,679 - INFO - ======================================================================
2026-04-17 13:40:04,681 - INFO - 
[1/29] Premier League (E0)
2026-04-17 13:40:04,683 - INFO - ----------------------------------------------------------------------
2026-04-17 13:40:04,687 - INFO -   2026:
2026-04-17 13:40:04,692 - INFO -   Loading: https://www.sofascore.com/tournament/football/england/premier-league/17
2026-04-17 13:40:14,577 - WARNING -   Could not find season dropdown
2026-04-17 13:40:14,578 - WARNING -   Season 2026 not found in dropdown, skipping
2026-04-17 13:40:14,580 - INFO -   2026: no matches found
2026-04-17 13:40:16,582 - INFO -   2025:
2026-04-17 13:40:16,583 - INFO -   Loading: https://www.sofascore.com/tournament/football/england/premier-league/17
2026-04-17 13:40:22,035 - WARNING -   Could not find season dropdown
2026-04-17 13:40:22,036 - WARNING -   Season 2025 not found in dropdown, skipping
2026-04-17 13:40:22,038 - INFO -   2025: no matches found
2026-04-17 13:40:24,045 - INFO -   2024:
2026-04-17 13:40:24,046 - INFO -   Loading: https://www.sofascore.com/tournament/football/england/premier-league/17
2026-04-17 13:40:31,553 - WARNING -   Could not find season dropdown
2026-04-17 13:40:31,553 - WARNING -   Season 2024 not found in dropdown, skipping
2026-04-17 13:40:31,556 - INFO -   2024: no matches found
2026-04-17 13:40:33,559 - INFO -   2023:
2026-04-17 13:40:33,620 - INFO -   Loading: https://www.sofascore.com/tournament/football/england/premier-league/17
2026-04-17 13:40:50,436 - WARNING -   Could not find season dropdown
2026-04-17 13:40:50,437 - WARNING -   Season 2023 not found in dropdown, skipping
2026-04-17 13:40:50,441 - INFO -   2023: no matches found
2026-04-17 13:40:52,449 - INFO -   2022:
2026-04-17 13:40:52,451 - INFO -   Loading: https://www.sofascore.com/tournament/football/england/premier-league/17
2026-04-17 13:41:06,097 - WARNING -   Could not find season dropdown
2026-04-17 13:41:06,098 - WARNING -   Season 2022 not found in dropdown, skipping
2026-04-17 13:41:06,103 - INFO -   2022: no matches found
2026-04-17 13:41:08,111 - INFO -   2021:
2026-04-17 13:41:08,112 - INFO -   Loading: https://www.sofascore.com/tournament/football/england/premier-league/17
2026-04-17 13:41:22,898 - WARNING -   Could not find season dropdown
2026-04-17 13:41:22,899 - WARNING -   Season 2021 not found in dropdown, skipping
2026-04-17 13:41:22,904 - INFO -   2021: no matches found
2026-04-17 13:41:24,912 - INFO -   2020:
2026-04-17 13:41:24,913 - INFO -   Loading: https://www.sofascore.com/tournament/football/england/premier-league/17
2026-04-17 13:41:38,049 - WARNING -   Could not find season dropdown
2026-04-17 13:41:38,050 - WARNING -   Season 2020 not found in dropdown, skipping
2026-04-17 13:41:38,053 - INFO -   2020: no matches found
2026-04-17 13:41:40,061 - INFO -   2019:
2026-04-17 13:41:40,062 - INFO -   Loading: https://www.sofascore.com/tournament/football/england/premier-league/17
2026-04-17 13:41:48,808 - WARNING -   Could not find season dropdown
2026-04-17 13:41:48,809 - WARNING -   Season 2019 not found in dropdown, skipping
2026-04-17 13:41:48,811 - INFO -   2019: no matches found
2026-04-17 13:41:50,826 - INFO -   >> Premier League: 0 matches total
2026-04-17 13:41:53,102 - INFO - 
[2/29] Championship (E1)
2026-04-17 13:41:53,105 - INFO - ----------------------------------------------------------------------
2026-04-17 13:41:53,109 - INFO -   2026:
2026-04-17 13:41:53,111 - INFO -   Loading: https://www.sofascore.com/tournament/football/england/championship/18
2026-04-17 13:42:02,817 - WARNING -   Could not find season dropdown
2026-04-17 13:42:02,818 - WARNING -   Season 2026 not found in dropdown, skipping
2026-04-17 13:42:02,820 - INFO -   2026: no matches found
2026-04-17 13:42:04,823 - INFO -   2025:
2026-04-17 13:42:04,837 - INFO -   Loading: https://www.sofascore.com/tournament/football/england/championship/18
2026-04-17 13:42:11,487 - WARNING -   Could not find season dropdown
2026-04-17 13:42:11,489 - WARNING -   Season 2025 not found in dropdown, skipping
2026-04-17 13:42:11,493 - INFO -   2025: no matches found
2026-04-17 13:42:13,500 - INFO -   2024:
2026-04-17 13:42:13,501 - INFO -   Loading: https://www.sofascore.com/tournament/football/england/championship/18
2026-04-17 13:42:20,008 - WARNING -   Could not find season dropdown
2026-04-17 13:42:20,009 - WARNING -   Season 2024 not found in dropdown, skipping
2026-04-17 13:42:20,011 - INFO -   2024: no matches found
2026-04-17 13:42:22,023 - INFO -   2023:
2026-04-17 13:42:22,024 - INFO -   Loading: https://www.sofascore.com/tournament/football/england/championship/18
2026-04-17 13:42:27,553 - WARNING -   Could not find season dropdown
2026-04-17 13:42:27,553 - WARNING -   Season 2023 not found in dropdown, skipping
2026-04-17 13:42:27,556 - INFO -   2023: no matches found
2026-04-17 13:42:29,558 - INFO -   2022:
2026-04-17 13:42:29,560 - INFO -   Loading: https://www.sofascore.com/tournament/football/england/championship/18
2026-04-17 13:42:35,356 - WARNING -   Could not find season dropdown
2026-04-17 13:42:35,357 - WARNING -   Season 2022 not found in dropdown, skipping
2026-04-17 13:42:35,360 - INFO -   2022: no matches found
2026-04-17 13:42:37,367 - INFO -   2021:
2026-04-17 13:42:37,368 - INFO -   Loading: https://www.sofascore.com/tournament/football/england/championship/18
2026-04-17 13:42:43,080 - WARNING -   Could not find season dropdown
2026-04-17 13:42:43,080 - WARNING -   Season 2021 not found in dropdown, skipping
2026-04-17 13:42:43,082 - INFO -   2021: no matches found
2026-04-17 13:42:45,094 - INFO -   2020:
2026-04-17 13:42:45,094 - INFO -   Loading: https://www.sofascore.com/tournament/football/england/championship/18
2026-04-17 13:42:50,682 - WARNING -   Could not find season dropdown
2026-04-17 13:42:50,683 - WARNING -   Season 2020 not found in dropdown, skipping
2026-04-17 13:42:50,688 - INFO -   2020: no matches found
2026-04-17 13:42:52,696 - INFO -   2019:
2026-04-17 13:42:52,697 - INFO -   Loading: https://www.sofascore.com/tournament/football/england/championship/18
2026-04-17 13:43:00,639 - WARNING -   Could not find season dropdown
2026-04-17 13:43:00,642 - WARNING -   Season 2019 not found in dropdown, skipping
2026-04-17 13:43:00,646 - INFO -   2019: no matches found
2026-04-17 13:43:02,665 - INFO -   >> Championship: 0 matches total
2026-04-17 13:43:05,051 - INFO - 
[3/29] League One (E2)
2026-04-17 13:43:05,051 - INFO - ----------------------------------------------------------------------
2026-04-17 13:43:05,063 - INFO -   2026:
2026-04-17 13:43:05,065 - INFO -   Loading: https://www.sofascore.com/tournament/football/england/league-one/19
2026-04-17 13:43:19,057 - WARNING -   Could not find season dropdown
2026-04-17 13:43:19,058 - WARNING -   Season 2026 not found in dropdown, skipping
2026-04-17 13:43:19,068 - INFO -   2026: no matches found
2026-04-17 13:43:21,073 - INFO -   2025:
2026-04-17 13:43:21,073 - INFO -   Loading: https://www.sofascore.com/tournament/football/england/league-one/19
2026-04-17 13:43:32,589 - WARNING -   Could not find season dropdown
2026-04-17 13:43:32,590 - WARNING -   Season 2025 not found in dropdown, skipping
2026-04-17 13:43:32,594 - INFO -   2025: no matches found
2026-04-17 13:43:34,643 - INFO -   2024:
2026-04-17 13:43:34,802 - INFO -   Loading: https://www.sofascore.com/tournament/football/england/league-one/19
2026-04-17 13:43:47,612 - WARNING -   Could not find season dropdown
2026-04-17 13:43:47,613 - WARNING -   Season 2024 not found in dropdown, skipping
2026-04-17 13:43:47,617 - INFO -   2024: no matches found
2026-04-17 13:43:49,624 - INFO -   2023:
2026-04-17 13:43:50,013 - INFO -   Loading: https://www.sofascore.com/tournament/football/england/league-one/19
2026-04-17 13:44:02,660 - WARNING -   Could not find season dropdown
2026-04-17 13:44:02,661 - WARNING -   Season 2023 not found in dropdown, skipping
2026-04-17 13:44:02,664 - INFO -   2023: no matches found
2026-04-17 13:44:04,676 - INFO -   2022:
2026-04-17 13:44:05,042 - INFO -   Loading: https://www.sofascore.com/tournament/football/england/league-one/19
2026-04-17 13:44:14,207 - WARNING -   Could not find season dropdown
2026-04-17 13:44:14,208 - WARNING -   Season 2022 not found in dropdown, skipping
2026-04-17 13:44:14,213 - INFO -   2022: no matches found
2026-04-17 13:44:16,217 - INFO -   2021:
2026-04-17 13:44:16,218 - INFO -   Loading: https://www.sofascore.com/tournament/football/england/league-one/19
2026-04-17 13:44:25,714 - WARNING -   Could not find season dropdown
2026-04-17 13:44:25,715 - WARNING -   Season 2021 not found in dropdown, skipping
2026-04-17 13:44:25,717 - INFO -   2021: no matches found
2026-04-17 13:44:27,480 - WARNING - Retrying (Retry(total=2, connect=None, read=None, redirect=None, status=None)) after connection broken by 'ProtocolError('Connection aborted.', ConnectionResetError(10054, 'IstniejÄ…ce poĹ‚Ä…czenie zostaĹ‚o gwaĹ‚townie zamkniÄ™te przez zdalnego hosta', None, 10054, None))': /session/f48bdad8777464a3d956c0d771903c98
2026-04-17 13:44:37,019 - INFO - WebDriver initialized
2026-04-17 13:44:37,056 - INFO - Checkpoint: 288 matches, 22 completed
2026-04-17 13:44:37,057 - INFO - ======================================================================
2026-04-17 13:44:37,059 - INFO - Sofascore Scraper | 29 tournaments | 8 seasons
2026-04-17 13:44:37,066 - INFO - ======================================================================
2026-04-17 13:44:37,067 - INFO - 
[1/29] Premier League (E0)
2026-04-17 13:44:37,069 - INFO - ----------------------------------------------------------------------
2026-04-17 13:44:37,070 - INFO -   Season 25/26:
2026-04-17 13:44:37,071 - INFO -     Loading https://www.sofascore.com/tournament/football/england/premier-league/17
2026-04-17 13:45:02,153 - INFO -     No rounds - cup mode
2026-04-17 13:45:02,163 - INFO -   Season 25/26: saved 18 matches (grand total: 18)
2026-04-17 13:45:03,664 - INFO -   Season 24/25:
2026-04-17 13:45:03,665 - INFO -     Loading https://www.sofascore.com/tournament/football/england/premier-league/17
2026-04-17 13:45:20,613 - INFO -     No rounds - cup mode
2026-04-17 13:45:20,622 - INFO -   Season 24/25: saved 18 matches (grand total: 36)
2026-04-17 13:45:22,125 - INFO -   Season 23/24:
2026-04-17 13:45:22,126 - INFO -     Loading https://www.sofascore.com/tournament/football/england/premier-league/17
2026-04-17 13:45:38,458 - INFO -     No rounds - cup mode
2026-04-17 13:45:38,467 - INFO -   Season 23/24: saved 18 matches (grand total: 54)
2026-04-17 13:45:39,969 - INFO -   Season 22/23:
2026-04-17 13:45:39,969 - INFO -     Loading https://www.sofascore.com/tournament/football/england/premier-league/17
2026-04-17 13:45:52,806 - INFO -     No rounds - cup mode
2026-04-17 13:45:52,813 - INFO -   Season 22/23: saved 18 matches (grand total: 72)
2026-04-17 13:45:54,314 - INFO -   Season 21/22:
2026-04-17 13:45:54,315 - INFO -     Loading https://www.sofascore.com/tournament/football/england/premier-league/17
2026-04-17 13:46:08,002 - INFO -     No rounds - cup mode
2026-04-17 13:46:08,017 - INFO -   Season 21/22: saved 18 matches (grand total: 90)
2026-04-17 13:46:09,518 - INFO -   Season 20/21:
2026-04-17 13:46:09,519 - INFO -     Loading https://www.sofascore.com/tournament/football/england/premier-league/17
2026-04-17 13:46:24,410 - INFO -     No rounds - cup mode
2026-04-17 13:46:24,426 - INFO -   Season 20/21: saved 18 matches (grand total: 108)
2026-04-17 13:46:25,928 - INFO -   Season 19/20:
2026-04-17 13:46:25,929 - INFO -     Loading https://www.sofascore.com/tournament/football/england/premier-league/17
2026-04-17 13:46:43,217 - WARNING - Retrying (Retry(total=2, connect=None, read=None, redirect=None, status=None)) after connection broken by 'ProtocolError('Connection aborted.', ConnectionResetError(10054, 'IstniejÄ…ce poĹ‚Ä…czenie zostaĹ‚o gwaĹ‚townie zamkniÄ™te przez zdalnego hosta', None, 10054, None))': /session/e2c6db7f18aefd491df1aebdfac4fccb
2026-04-17 13:49:38,138 - INFO - WebDriver ready
2026-04-17 13:49:38,155 - INFO - Checkpoint loaded: 396 matches, 28 seasons done
2026-04-17 13:49:38,156 - INFO - ======================================================================
2026-04-17 13:49:38,157 - INFO - Sofascore | 29 tournaments | 8 seasons
2026-04-17 13:49:38,157 - INFO - ======================================================================
2026-04-17 13:49:38,157 - INFO - 
[1/29] Premier League (E0)
2026-04-17 13:49:38,158 - INFO - ----------------------------------------------------------------------
2026-04-17 13:49:38,158 - INFO -   25/26: SKIP (done)
2026-04-17 13:49:38,158 - INFO -   24/25: SKIP (done)
2026-04-17 13:49:38,159 - INFO -   23/24: SKIP (done)
2026-04-17 13:49:38,161 - INFO -   22/23: SKIP (done)
2026-04-17 13:49:38,162 - INFO -   21/22: SKIP (done)
2026-04-17 13:49:38,165 - INFO -   20/21: SKIP (done)
2026-04-17 13:49:38,167 - INFO -   19/20:
2026-04-17 13:49:58,044 - INFO -     Season select: ok
2026-04-17 13:50:06,617 - INFO -     Cup/knockout format (no rounds)
2026-04-17 13:50:06,673 - INFO -   19/20: SAVED 18 matches (total: 18)
2026-04-17 13:50:08,174 - INFO -   18/19:
